#
# A fatal error has been detected by the Java Runtime Environment:
#
#  EXCEPTION_ACCESS_VIOLATION (0xc0000005) at pc=0x0000020b590d1066, pid=13888, tid=0x0000000000002da0
#
# JRE version: OpenJDK Runtime Environment (8.0_322-b06) (build 1.8.0_322-b06)
# Java VM: OpenJDK 64-Bit Server VM (25.322-b06 mixed mode windows-amd64 compressed oops)
# Problematic frame:
# C  [OpenAL64.dll+0x11066]
#
# Failed to write core dump. Minidumps are not enabled by default on client versions of Windows
#
# If you would like to submit a bug report, please visit:
#   https://github.com/adoptium/adoptium-support/issues
# The crash happened outside the Java Virtual Machine in native code.
# See problematic frame for where to report the bug.
#

---------------  T H R E A D  ---------------

Current thread (0x0000020b29784800):  JavaThread "main" [_thread_in_native, id=11680, stack(0x00000060bed00000,0x00000060bee00000)]

siginfo: ExceptionCode=0xc0000005, reading address 0x0000020b58b57004

Registers:
RAX=0x0000000000000001, RBX=0x0000020b5a6d0090, RCX=0x0000020b58b57008, RDX=0x0000020b58b57004
RSP=0x00000060bedfb8a0, RBP=0x00000000000000ff, RSI=0x0000020b58b4a9bc, RDI=0x0000000000000000
R8 =0x0000000000003192, R9 =0x0000020b58b4a9bc, R10=0x0000020b2b0b9622, R11=0x000000006d7c5790
R12=0x0000000000000001, R13=0x0000020b5a2367a0, R14=0x00000060bedfba40, R15=0x0000020b29784800
RIP=0x0000020b590d1066, EFLAGS=0x0000000000010202

Top of Stack: (sp=0x00000060bedfb8a0)
0x00000060bedfb8a0:   0000000000000000 0000000000000000
0x00000060bedfb8b0:   0000000000000000 0000020b29784800
0x00000060bedfb8c0:   00000060bedfba40 0000000000000000
0x00000060bedfb8d0:   0000020b29784800 0000020b29774b00
0x00000060bedfb8e0:   0000020b5a2367a0 0000020b5a2367a0
0x00000060bedfb8f0:   0000020b29754020 000000006d65bf85
0x00000060bedfb900:   00000060bedfc1e0 0000020b29753d20
0x00000060bedfb910:   0000020b29784800 00000060bedfba40
0x00000060bedfb920:   0000020b5a2367a0 0000000000000000
0x00000060bedfb930:   0000020b58b4a9bc 0000000000000248
0x00000060bedfb940:   00000060bedfba08 0000020b590d248f
0x00000060bedfb950:   0000020b5a6d0090 0000020b5a6d0090
0x00000060bedfb960:   000000000000ac44 0000020b00000001
0x00000060bedfb970:   0000020b2b0a7bd0 0000020b2b0b964e
0x00000060bedfb980:   0000020b5a2367a0 00000060bedfb988
0x00000060bedfb990:   0000020b2b0a7bd0 0000020b2b0b935b 

Instructions: (pc=0x0000020b590d1066)
0x0000020b590d1046:   41 2b ec 81 3a 03 00 02 00 75 09 8b 01 89 84 24
0x0000020b590d1056:   c8 00 00 00 49 83 c0 02 48 83 c1 08 4a 8d 14 86
0x0000020b590d1066:   39 3a 75 af 4c 8d 84 24 c0 00 00 00 48 8d 15 d7
0x0000020b590d1076:   2b 03 00 33 c9 e8 58 5f 00 00 b8 40 1f 00 00 4c 


Register to memory mapping:

RAX=0x0000000000000001 is an unknown value
RBX=0x0000020b5a6d0090 is an unknown value
RCX=0x0000020b58b57008 is an unknown value
RDX=0x0000020b58b57004 is an unknown value
RSP=0x00000060bedfb8a0 is pointing into the stack for thread: 0x0000020b29784800
RBP=0x00000000000000ff is an unknown value
RSI=0x0000020b58b4a9bc is an unknown value
RDI=0x0000000000000000 is an unknown value
R8 =0x0000000000003192 is an unknown value
R9 =0x0000020b58b4a9bc is an unknown value
R10=0x0000020b2b0b9622 is at code_begin+962 in an Interpreter codelet
method entry point (kind = native)  [0x0000020b2b0b9260, 0x0000020b2b0b9d00]  2720 bytes
R11=0x000000006d7c5790 is an unknown value
R12=0x0000000000000001 is an unknown value
R13={method} {0x0000020b5a2367a8} 'nalcCreateContext' '(JJ)J' in 'org/lwjgl/openal/ALC10'
R14=0x00000060bedfba40 is pointing into the stack for thread: 0x0000020b29784800
R15=0x0000020b29784800 is a thread


Stack: [0x00000060bed00000,0x00000060bee00000],  sp=0x00000060bedfb8a0,  free space=1006k
Native frames: (J=compiled Java code, j=interpreted, Vv=VM code, C=native code)
C  [OpenAL64.dll+0x11066]
C  [OpenAL64.dll+0x1248f]
C  0x0000020b2b0b964e

Java frames: (J=compiled Java code, j=interpreted, Vv=VM code)
j  org.lwjgl.openal.ALC10.nalcCreateContext(JJ)J+0
j  org.lwjgl.openal.ALC10.alcCreateContext(Lorg/lwjgl/openal/ALCdevice;Ljava/nio/IntBuffer;)Lorg/lwjgl/openal/ALCcontext;+8
j  org.lwjgl.openal.AL.init(Ljava/lang/String;IIZZ)V+69
j  org.lwjgl.openal.AL.create(Ljava/lang/String;IIZZ)V+246
j  org.lwjgl.openal.AL.create(Ljava/lang/String;IIZ)V+5
j  org.lwjgl.openal.AL.create()V+6
j  com.badlogic.gdx.backends.lwjgl.audio.OpenALAudio.<init>(III)V+114
j  com.badlogic.gdx.backends.lwjgl.LwjglApplication.<init>(Lcom/badlogic/gdx/ApplicationListener;Lcom/badlogic/gdx/backends/lwjgl/LwjglApplicationConfiguration;Lcom/badlogic/gdx/backends/lwjgl/LwjglGraphics;)V+120
j  com.badlogic.gdx.backends.lwjgl.LwjglApplication.<init>(Lcom/badlogic/gdx/ApplicationListener;Lcom/badlogic/gdx/backends/lwjgl/LwjglApplicationConfiguration;)V+11
j  org.uqbar.project.wollok.game.gameboard.WollokGDXApplication.<init>(Lorg/uqbar/project/wollok/game/gameboard/Gameboard;Ljava/lang/Boolean;)V+17
j  org.uqbar.project.wollok.game.helpers.Application.start(Lorg/uqbar/project/wollok/game/gameboard/Gameboard;Ljava/lang/Boolean;)V+5
j  org.uqbar.project.wollok.game.gameboard.Gameboard.start(Ljava/lang/Boolean;)V+13
j  wollok.game.GameObject.doStart(Ljava/lang/Boolean;)V+12
v  ~StubRoutines::call_stub
J 3608  sun.reflect.NativeMethodAccessorImpl.invoke0(Ljava/lang/reflect/Method;Ljava/lang/Object;[Ljava/lang/Object;)Ljava/lang/Object; (0 bytes) @ 0x0000020b2bc8e4bf [0x0000020b2bc8e440+0x7f]
J 3607 C1 sun.reflect.NativeMethodAccessorImpl.invoke(Ljava/lang/Object;[Ljava/lang/Object;)Ljava/lang/Object; (104 bytes) @ 0x0000020b2bc8d73c [0x0000020b2bc8c540+0x11fc]
J 2745 C1 sun.reflect.DelegatingMethodAccessorImpl.invoke(Ljava/lang/Object;[Ljava/lang/Object;)Ljava/lang/Object; (10 bytes) @ 0x0000020b2b9c2b8c [0x0000020b2b9c2a80+0x10c]
J 2744 C1 java.lang.reflect.Method.invoke(Ljava/lang/Object;[Ljava/lang/Object;)Ljava/lang/Object; (62 bytes) @ 0x0000020b2b9bed34 [0x0000020b2b9be940+0x3f4]
J 3444 C1 org.uqbar.project.wollok.ui.utils.XTendUtilExtensions.invokeConvertingArgs(Ljava/lang/reflect/Method;Ljava/lang/Object;[Ljava/lang/Object;)Lorg/uqbar/project/wollok/interpreter/core/WollokObject; (368 bytes) @ 0x0000020b2bc12704 [0x0000020b2bc10b20+0x1be4]
J 3389 C1 org.uqbar.project.wollok.interpreter.AbstractWollokCallable._invokeNative(Ljava/lang/Object;Ljava/lang/String;[Lorg/uqbar/project/wollok/interpreter/core/WollokObject;)Lorg/uqbar/project/wollok/interpreter/core/WollokObject; (49 bytes) @ 0x0000020b2bbbdf24 [0x0000020b2bbbdc80+0x2a4]
J 3422 C1 org.uqbar.project.wollok.interpreter.AbstractWollokCallable.invokeNative(Ljava/lang/Object;Ljava/lang/String;[Lorg/uqbar/project/wollok/interpreter/core/WollokObject;)Lorg/uqbar/project/wollok/interpreter/core/WollokObject; (76 bytes) @ 0x0000020b2bbdc444 [0x0000020b2bbdb7e0+0xc64]
J 3350 C1 org.uqbar.project.wollok.interpreter.AbstractWollokCallable$1.apply()Lorg/uqbar/project/wollok/interpreter/core/WollokObject; (145 bytes) @ 0x0000020b2bb97b7c [0x0000020b2bb97500+0x67c]
J 3349 C1 org.uqbar.project.wollok.interpreter.AbstractWollokCallable$1.apply()Ljava/lang/Object; (5 bytes) @ 0x0000020b2bb852cc [0x0000020b2bb85240+0x8c]
J 3284 C1 org.uqbar.project.wollok.interpreter.threads.WThread.performOnStack(Lorg/eclipse/emf/ecore/EObject;Lorg/uqbar/project/wollok/interpreter/context/EvaluationContext;Lorg/eclipse/xtext/xbase/lib/Functions$Function0;)Lorg/uqbar/project/wollok/interpreter/core/WollokObject; (157 bytes) @ 0x0000020b2bb42b44 [0x0000020b2bb42800+0x344]
J 3334 C1 org.uqbar.project.wollok.interpreter.AbstractWollokCallable.call(Lorg/uqbar/project/wollok/wollokDsl/WMethodDeclaration;[Lorg/uqbar/project/wollok/interpreter/core/WollokObject;)Lorg/uqbar/project/wollok/interpreter/core/WollokObject; (46 bytes) @ 0x0000020b2bb8ac1c [0x0000020b2bb89f20+0xcfc]
J 3277 C1 org.uqbar.project.wollok.interpreter.core.WollokObject.call(Ljava/lang/String;[Lorg/uqbar/project/wollok/interpreter/core/WollokObject;)Lorg/uqbar/project/wollok/interpreter/core/WollokObject; (61 bytes) @ 0x0000020b2bb404cc [0x0000020b2bb3fe00+0x6cc]
J 3409 C1 org.uqbar.project.wollok.interpreter.WollokInterpreterEvaluator._evaluate(Lorg/uqbar/project/wollok/wollokDsl/WFeatureCall;)Lorg/uqbar/project/wollok/interpreter/core/WollokObject; (125 bytes) @ 0x0000020b2bbd3284 [0x0000020b2bbd20c0+0x11c4]
J 3268 C1 org.uqbar.project.wollok.launch.WollokLauncherInterpreterEvaluator.evaluate(Lorg/eclipse/emf/ecore/EObject;)Lorg/uqbar/project/wollok/interpreter/core/WollokObject; (502 bytes) @ 0x0000020b2bb2a40c [0x0000020b2bb26220+0x41ec]
J 3276 C1 org.uqbar.project.wollok.interpreter.WollokInterpreter.eval(Lorg/eclipse/emf/ecore/EObject;)Lorg/uqbar/project/wollok/interpreter/core/WollokObject; (190 bytes) @ 0x0000020b2bb3d62c [0x0000020b2bb3cc00+0xa2c]
J 3587 C1 org.uqbar.project.wollok.interpreter.WollokInterpreterEvaluator$1.apply(Ljava/lang/Object;Ljava/lang/Object;)Ljava/lang/Object; (13 bytes) @ 0x0000020b2bc7fb24 [0x0000020b2bc7fa40+0xe4]
J 3353 C1 org.eclipse.xtext.xbase.lib.IterableExtensions.fold(Ljava/lang/Iterable;Ljava/lang/Object;Lorg/eclipse/xtext/xbase/lib/Functions$Function2;)Ljava/lang/Object; (12 bytes) @ 0x0000020b2bb9c62c [0x0000020b2bb9c380+0x2ac]
j  org.uqbar.project.wollok.interpreter.WollokInterpreterEvaluator.evalAll(Ljava/lang/Iterable;)Lorg/uqbar/project/wollok/interpreter/core/WollokObject;+12
j  org.uqbar.project.wollok.interpreter.WollokInterpreterEvaluator._evaluate(Lorg/uqbar/project/wollok/wollokDsl/WBlockExpression;)Lorg/uqbar/project/wollok/interpreter/core/WollokObject;+34
J 3268 C1 org.uqbar.project.wollok.launch.WollokLauncherInterpreterEvaluator.evaluate(Lorg/eclipse/emf/ecore/EObject;)Lorg/uqbar/project/wollok/interpreter/core/WollokObject; (502 bytes) @ 0x0000020b2bb2da2c [0x0000020b2bb26220+0x780c]
J 3276 C1 org.uqbar.project.wollok.interpreter.WollokInterpreter.eval(Lorg/eclipse/emf/ecore/EObject;)Lorg/uqbar/project/wollok/interpreter/core/WollokObject; (190 bytes) @ 0x0000020b2bb3d62c [0x0000020b2bb3cc00+0xa2c]
J 3350 C1 org.uqbar.project.wollok.interpreter.AbstractWollokCallable$1.apply()Lorg/uqbar/project/wollok/interpreter/core/WollokObject; (145 bytes) @ 0x0000020b2bb97ed4 [0x0000020b2bb97500+0x9d4]
J 3349 C1 org.uqbar.project.wollok.interpreter.AbstractWollokCallable$1.apply()Ljava/lang/Object; (5 bytes) @ 0x0000020b2bb852cc [0x0000020b2bb85240+0x8c]
J 3284 C1 org.uqbar.project.wollok.interpreter.threads.WThread.performOnStack(Lorg/eclipse/emf/ecore/EObject;Lorg/uqbar/project/wollok/interpreter/context/EvaluationContext;Lorg/eclipse/xtext/xbase/lib/Functions$Function0;)Lorg/uqbar/project/wollok/interpreter/core/WollokObject; (157 bytes) @ 0x0000020b2bb42b44 [0x0000020b2bb42800+0x344]
J 3334 C1 org.uqbar.project.wollok.interpreter.AbstractWollokCallable.call(Lorg/uqbar/project/wollok/wollokDsl/WMethodDeclaration;[Lorg/uqbar/project/wollok/interpreter/core/WollokObject;)Lorg/uqbar/project/wollok/interpreter/core/WollokObject; (46 bytes) @ 0x0000020b2bb8ac1c [0x0000020b2bb89f20+0xcfc]
J 3277 C1 org.uqbar.project.wollok.interpreter.core.WollokObject.call(Ljava/lang/String;[Lorg/uqbar/project/wollok/interpreter/core/WollokObject;)Lorg/uqbar/project/wollok/interpreter/core/WollokObject; (61 bytes) @ 0x0000020b2bb404cc [0x0000020b2bb3fe00+0x6cc]
J 3409 C1 org.uqbar.project.wollok.interpreter.WollokInterpreterEvaluator._evaluate(Lorg/uqbar/project/wollok/wollokDsl/WFeatureCall;)Lorg/uqbar/project/wollok/interpreter/core/WollokObject; (125 bytes) @ 0x0000020b2bbd3284 [0x0000020b2bbd20c0+0x11c4]
J 3268 C1 org.uqbar.project.wollok.launch.WollokLauncherInterpreterEvaluator.evaluate(Lorg/eclipse/emf/ecore/EObject;)Lorg/uqbar/project/wollok/interpreter/core/WollokObject; (502 bytes) @ 0x0000020b2bb2a40c [0x0000020b2bb26220+0x41ec]
J 3276 C1 org.uqbar.project.wollok.interpreter.WollokInterpreter.eval(Lorg/eclipse/emf/ecore/EObject;)Lorg/uqbar/project/wollok/interpreter/core/WollokObject; (190 bytes) @ 0x0000020b2bb3d62c [0x0000020b2bb3cc00+0xa2c]
J 3587 C1 org.uqbar.project.wollok.interpreter.WollokInterpreterEvaluator$1.apply(Ljava/lang/Object;Ljava/lang/Object;)Ljava/lang/Object; (13 bytes) @ 0x0000020b2bc7fb24 [0x0000020b2bc7fa40+0xe4]
j  org.eclipse.xtext.xbase.lib.IteratorExtensions.fold(Ljava/util/Iterator;Ljava/lang/Object;Lorg/eclipse/xtext/xbase/lib/Functions$Function2;)Ljava/lang/Object;+19
j  org.eclipse.xtext.xbase.lib.IterableExtensions.fold(Ljava/lang/Iterable;Ljava/lang/Object;Lorg/eclipse/xtext/xbase/lib/Functions$Function2;)Ljava/lang/Object;+8
j  org.uqbar.project.wollok.interpreter.WollokInterpreterEvaluator.evalAll(Ljava/lang/Iterable;)Lorg/uqbar/project/wollok/interpreter/core/WollokObject;+12
j  org.uqbar.project.wollok.interpreter.WollokInterpreterEvaluator._evaluate(Lorg/uqbar/project/wollok/wollokDsl/WBlockExpression;)Lorg/uqbar/project/wollok/interpreter/core/WollokObject;+34
j  org.uqbar.project.wollok.launch.WollokLauncherInterpreterEvaluator.evaluate(Lorg/eclipse/emf/ecore/EObject;)Lorg/uqbar/project/wollok/interpreter/core/WollokObject;+76
j  org.uqbar.project.wollok.interpreter.WollokInterpreterEvaluator.evaluate(Lorg/eclipse/emf/ecore/EObject;)Ljava/lang/Object;+2
j  org.uqbar.project.wollok.interpreter.WollokInterpreter.eval(Lorg/eclipse/emf/ecore/EObject;)Lorg/uqbar/project/wollok/interpreter/core/WollokObject;+63
j  org.uqbar.project.wollok.interpreter.AbstractWollokCallable.eval(Lorg/eclipse/emf/ecore/EObject;)Lorg/uqbar/project/wollok/interpreter/core/WollokObject;+5
j  org.uqbar.project.wollok.interpreter.AbstractWollokCallable$1.apply()Lorg/uqbar/project/wollok/interpreter/core/WollokObject;+110
j  org.uqbar.project.wollok.interpreter.AbstractWollokCallable$1.apply()Ljava/lang/Object;+1
j  org.uqbar.project.wollok.interpreter.threads.WThread.performOnStack(Lorg/eclipse/emf/ecore/EObject;Lorg/uqbar/project/wollok/interpreter/context/EvaluationContext;Lorg/eclipse/xtext/xbase/lib/Functions$Function0;)Lorg/uqbar/project/wollok/interpreter/core/WollokObject;+29
j  org.uqbar.project.wollok.interpreter.WollokInterpreter.performOnStack(Lorg/eclipse/emf/ecore/EObject;Lorg/uqbar/project/wollok/interpreter/context/EvaluationContext;Lorg/eclipse/xtext/xbase/lib/Functions$Function0;)Lorg/uqbar/project/wollok/interpreter/core/WollokObject;+7
j  org.uqbar.project.wollok.interpreter.AbstractWollokCallable.call(Lorg/uqbar/project/wollok/wollokDsl/WMethodDeclaration;[Lorg/uqbar/project/wollok/interpreter/core/WollokObject;)Lorg/uqbar/project/wollok/interpreter/core/WollokObject;+38
j  org.uqbar.project.wollok.interpreter.core.WollokObject.call(Ljava/lang/String;[Lorg/uqbar/project/wollok/interpreter/core/WollokObject;)Lorg/uqbar/project/wollok/interpreter/core/WollokObject;+55
j  org.uqbar.project.wollok.interpreter.WollokInterpreterEvaluator._evaluate(Lorg/uqbar/project/wollok/wollokDsl/WFeatureCall;)Lorg/uqbar/project/wollok/interpreter/core/WollokObject;+119
j  org.uqbar.project.wollok.launch.WollokLauncherInterpreterEvaluator.evaluate(Lorg/eclipse/emf/ecore/EObject;)Lorg/uqbar/project/wollok/interpreter/core/WollokObject;+412
j  org.uqbar.project.wollok.interpreter.WollokInterpreterEvaluator.evaluate(Lorg/eclipse/emf/ecore/EObject;)Ljava/lang/Object;+2
j  org.uqbar.project.wollok.interpreter.WollokInterpreter.eval(Lorg/eclipse/emf/ecore/EObject;)Lorg/uqbar/project/wollok/interpreter/core/WollokObject;+63
j  org.uqbar.project.wollok.interpreter.WollokInterpreterEvaluator.eval(Lorg/eclipse/emf/ecore/EObject;)Lorg/uqbar/project/wollok/interpreter/core/WollokObject;+5
j  org.uqbar.project.wollok.interpreter.WollokInterpreterEvaluator$1.apply(Lorg/uqbar/project/wollok/interpreter/core/WollokObject;Lorg/eclipse/emf/ecore/EObject;)Lorg/uqbar/project/wollok/interpreter/core/WollokObject;+5
j  org.uqbar.project.wollok.interpreter.WollokInterpreterEvaluator$1.apply(Ljava/lang/Object;Ljava/lang/Object;)Ljava/lang/Object;+9
j  org.eclipse.xtext.xbase.lib.IteratorExtensions.fold(Ljava/util/Iterator;Ljava/lang/Object;Lorg/eclipse/xtext/xbase/lib/Functions$Function2;)Ljava/lang/Object;+19
j  org.eclipse.xtext.xbase.lib.IterableExtensions.fold(Ljava/lang/Iterable;Ljava/lang/Object;Lorg/eclipse/xtext/xbase/lib/Functions$Function2;)Ljava/lang/Object;+8
j  org.uqbar.project.wollok.interpreter.WollokInterpreterEvaluator.evalAll(Ljava/lang/Iterable;)Lorg/uqbar/project/wollok/interpreter/core/WollokObject;+12
j  org.uqbar.project.wollok.interpreter.WollokInterpreterEvaluator._evaluate(Lorg/uqbar/project/wollok/wollokDsl/WProgram;)Lorg/uqbar/project/wollok/interpreter/core/WollokObject;+18
j  org.uqbar.project.wollok.launch.WollokLauncherInterpreterEvaluator.evaluate(Lorg/eclipse/emf/ecore/EObject;)Lorg/uqbar/project/wollok/interpreter/core/WollokObject;+444
j  org.uqbar.project.wollok.interpreter.WollokInterpreterEvaluator.evaluate(Lorg/eclipse/emf/ecore/EObject;)Ljava/lang/Object;+2
j  org.uqbar.project.wollok.interpreter.WollokInterpreter.eval(Lorg/eclipse/emf/ecore/EObject;)Lorg/uqbar/project/wollok/interpreter/core/WollokObject;+63
j  org.uqbar.project.wollok.interpreter.WollokInterpreterEvaluator.eval(Lorg/eclipse/emf/ecore/EObject;)Lorg/uqbar/project/wollok/interpreter/core/WollokObject;+5
j  org.uqbar.project.wollok.launch.WollokLauncherInterpreterEvaluator._evaluate(Lorg/uqbar/project/wollok/wollokDsl/WFile;)Lorg/uqbar/project/wollok/interpreter/core/WollokObject;+32
j  org.uqbar.project.wollok.launch.WollokLauncherInterpreterEvaluator.evaluate(Lorg/eclipse/emf/ecore/EObject;)Lorg/uqbar/project/wollok/interpreter/core/WollokObject;+428
j  org.uqbar.project.wollok.interpreter.WollokInterpreterEvaluator.evaluate(Lorg/eclipse/emf/ecore/EObject;)Ljava/lang/Object;+2
j  org.uqbar.project.wollok.interpreter.WollokInterpreter.interpret(Lorg/eclipse/emf/ecore/EObject;Ljava/lang/Boolean;)Lorg/uqbar/project/wollok/interpreter/core/WollokObject;+25
j  org.uqbar.project.wollok.interpreter.WollokInterpreter.interpret(Lorg/eclipse/emf/ecore/EObject;)Lorg/uqbar/project/wollok/interpreter/core/WollokObject;+8
j  org.uqbar.project.wollok.launch.WollokLauncher.doSomething(Lorg/uqbar/project/wollok/wollokDsl/WFile;Lcom/google/inject/Injector;Ljava/io/File;Lorg/uqbar/project/wollok/launch/WollokLauncherParameters;)V+109
j  org.uqbar.project.wollok.launch.WollokChecker.launch(Ljava/lang/String;Lorg/uqbar/project/wollok/launch/WollokLauncherParameters;)V+31
j  org.uqbar.project.wollok.launch.WollokChecker.doMain([Ljava/lang/String;)V+205
j  org.uqbar.project.wollok.launch.WollokLauncher.main([Ljava/lang/String;)V+8
v  ~StubRoutines::call_stub

---------------  P R O C E S S  ---------------

Java Threads: ( => current thread )
  0x0000020b5577d800 JavaThread "com.google.inject.internal.util.$Finalizer" daemon [_thread_blocked, id=2604, stack(0x00000060c0400000,0x00000060c0500000)]
  0x0000020b55409800 JavaThread "EMF Reference Cleaner" daemon [_thread_blocked, id=14732, stack(0x00000060c0300000,0x00000060c0400000)]
  0x0000020b5252d800 JavaThread "Service Thread" daemon [_thread_blocked, id=10868, stack(0x00000060c0100000,0x00000060c0200000)]
  0x0000020b5251a800 JavaThread "C1 CompilerThread3" daemon [_thread_blocked, id=15220, stack(0x00000060c0000000,0x00000060c0100000)]
  0x0000020b52512800 JavaThread "C2 CompilerThread2" daemon [_thread_blocked, id=5484, stack(0x00000060bff00000,0x00000060c0000000)]
  0x0000020b52510000 JavaThread "C2 CompilerThread1" daemon [_thread_blocked, id=13156, stack(0x00000060bfe00000,0x00000060bff00000)]
  0x0000020b52516800 JavaThread "C2 CompilerThread0" daemon [_thread_blocked, id=14988, stack(0x00000060bfd00000,0x00000060bfe00000)]
  0x0000020b5250b800 JavaThread "Attach Listener" daemon [_thread_blocked, id=8248, stack(0x00000060bfc00000,0x00000060bfd00000)]
  0x0000020b5250a800 JavaThread "Signal Dispatcher" daemon [_thread_blocked, id=1436, stack(0x00000060bfb00000,0x00000060bfc00000)]
  0x0000020b524dd800 JavaThread "Finalizer" daemon [_thread_blocked, id=11380, stack(0x00000060bfa00000,0x00000060bfb00000)]
  0x0000020b524d2000 JavaThread "Reference Handler" daemon [_thread_blocked, id=5836, stack(0x00000060bf900000,0x00000060bfa00000)]
=>0x0000020b29784800 JavaThread "main" [_thread_in_native, id=11680, stack(0x00000060bed00000,0x00000060bee00000)]

Other Threads:
  0x0000020b524a9800 VMThread [stack: 0x00000060bf800000,0x00000060bf900000] [id=9136]
  0x0000020b549e7000 WatcherThread [stack: 0x00000060c0200000,0x00000060c0300000] [id=2572]

VM state:not at safepoint (normal execution)

VM Mutex/Monitor currently owned by a thread: None

heap address: 0x0000000540c00000, size: 10228 MB, Compressed Oops mode: Zero based, Oop shift amount: 3
Narrow klass base: 0x0000000000000000, Narrow klass shift: 3
Compressed class space size: 1073741824 Address: 0x00000007c0000000

Heap:
 PSYoungGen      total 190976K, used 10699K [0x00000006eaf00000, 0x0000000702400000, 0x00000007c0000000)
  eden space 163840K, 6% used [0x00000006eaf00000,0x00000006eb972f58,0x00000006f4f00000)
  from space 27136K, 0% used [0x00000006f6980000,0x00000006f6980000,0x00000006f8400000)
  to   space 27136K, 0% used [0x00000006f4f00000,0x00000006f4f00000,0x00000006f6980000)
 ParOldGen       total 270336K, used 19035K [0x0000000540c00000, 0x0000000551400000, 0x00000006eaf00000)
  object space 270336K, 7% used [0x0000000540c00000,0x0000000541e96d18,0x0000000551400000)
 Metaspace       used 21686K, capacity 21956K, committed 22192K, reserved 1069056K
  class space    used 2709K, capacity 2802K, committed 2816K, reserved 1048576K

Card table byte_map: [0x0000020b3a460000,0x0000020b3b860000] byte_map_base: 0x0000020b37a5a000

Marking Bits: (ParMarkBitMap*) 0x000000006ddb2850
 Begin Bits: [0x0000020b3c5c0000, 0x0000020b46590000)
 End Bits:   [0x0000020b46590000, 0x0000020b50560000)

Polling page: 0x0000020b29730000

CodeCache: size=245760Kb used=12896Kb max_used=12896Kb free=232864Kb
 bounds [0x0000020b2b0a0000, 0x0000020b2bd50000, 0x0000020b3a0a0000]
 total_blobs=4217 nmethods=3776 adapters=353
 compilation: enabled

Compilation events (10 events):
Event: 2.616 Thread 0x0000020b5251a800 3776       3       java.nio.DirectByteBuffer::put (18 bytes)
Event: 2.616 Thread 0x0000020b5251a800 nmethod 3776 0x0000020b2bd3e210 code [0x0000020b2bd3e380, 0x0000020b2bd3e5f8]
Event: 2.616 Thread 0x0000020b5251a800 3777       1       java.nio.DirectByteBuffer::ix (10 bytes)
Event: 2.616 Thread 0x0000020b5251a800 nmethod 3777 0x0000020b2bd3b410 code [0x0000020b2bd3b560, 0x0000020b2bd3b678]
Event: 2.621 Thread 0x0000020b5251a800 3778       3       java.lang.NoSuchMethodException::<init> (6 bytes)
Event: 2.621 Thread 0x0000020b5251a800 nmethod 3778 0x0000020b2bd3dd50 code [0x0000020b2bd3dec0, 0x0000020b2bd3e110]
Event: 2.621 Thread 0x0000020b5251a800 3780       3       java.lang.Class::argumentTypesToString (79 bytes)
Event: 2.622 Thread 0x0000020b5251a800 nmethod 3780 0x0000020b2bd3c9d0 code [0x0000020b2bd3cc00, 0x0000020b2bd3d880]
Event: 2.622 Thread 0x0000020b5251a800 3779       3       java.lang.ReflectiveOperationException::<init> (6 bytes)
Event: 2.622 Thread 0x0000020b5251a800 nmethod 3779 0x0000020b2bd3c590 code [0x0000020b2bd3c700, 0x0000020b2bd3c8f0]

GC Heap History (6 events):
Event: 1.862 GC heap before
{Heap before GC invocations=1 (full 0):
 PSYoungGen      total 190976K, used 163840K [0x00000006eaf00000, 0x00000006f8400000, 0x00000007c0000000)
  eden space 163840K, 100% used [0x00000006eaf00000,0x00000006f4f00000,0x00000006f4f00000)
  from space 27136K, 0% used [0x00000006f6980000,0x00000006f6980000,0x00000006f8400000)
  to   space 27136K, 0% used [0x00000006f4f00000,0x00000006f4f00000,0x00000006f6980000)
 ParOldGen       total 437248K, used 0K [0x0000000540c00000, 0x000000055b700000, 0x00000006eaf00000)
  object space 437248K, 0% used [0x0000000540c00000,0x0000000540c00000,0x000000055b700000)
 Metaspace       used 19779K, capacity 20070K, committed 20352K, reserved 1067008K
  class space    used 2541K, capacity 2621K, committed 2688K, reserved 1048576K
Event: 1.879 GC heap after
Heap after GC invocations=1 (full 0):
 PSYoungGen      total 190976K, used 27116K [0x00000006eaf00000, 0x00000006f8400000, 0x00000007c0000000)
  eden space 163840K, 0% used [0x00000006eaf00000,0x00000006eaf00000,0x00000006f4f00000)
  from space 27136K, 99% used [0x00000006f4f00000,0x00000006f697b3c8,0x00000006f6980000)
  to   space 27136K, 0% used [0x00000006f6980000,0x00000006f6980000,0x00000006f8400000)
 ParOldGen       total 437248K, used 3257K [0x0000000540c00000, 0x000000055b700000, 0x00000006eaf00000)
  object space 437248K, 0% used [0x0000000540c00000,0x0000000540f2e5a0,0x000000055b700000)
 Metaspace       used 19779K, capacity 20070K, committed 20352K, reserved 1067008K
  class space    used 2541K, capacity 2621K, committed 2688K, reserved 1048576K
}
Event: 2.452 GC heap before
{Heap before GC invocations=2 (full 0):
 PSYoungGen      total 190976K, used 131416K [0x00000006eaf00000, 0x00000006f8400000, 0x00000007c0000000)
  eden space 163840K, 63% used [0x00000006eaf00000,0x00000006f14dad70,0x00000006f4f00000)
  from space 27136K, 99% used [0x00000006f4f00000,0x00000006f697b3c8,0x00000006f6980000)
  to   space 27136K, 0% used [0x00000006f6980000,0x00000006f6980000,0x00000006f8400000)
 ParOldGen       total 437248K, used 3257K [0x0000000540c00000, 0x000000055b700000, 0x00000006eaf00000)
  object space 437248K, 0% used [0x0000000540c00000,0x0000000540f2e5a0,0x000000055b700000)
 Metaspace       used 20844K, capacity 21124K, committed 21296K, reserved 1069056K
  class space    used 2612K, capacity 2674K, committed 2688K, reserved 1048576K
Event: 2.462 GC heap after
Heap after GC invocations=2 (full 0):
 PSYoungGen      total 190976K, used 18748K [0x00000006eaf00000, 0x0000000702400000, 0x00000007c0000000)
  eden space 163840K, 0% used [0x00000006eaf00000,0x00000006eaf00000,0x00000006f4f00000)
  from space 27136K, 69% used [0x00000006f6980000,0x00000006f7bcf0a0,0x00000006f8400000)
  to   space 27136K, 0% used [0x00000006f4f00000,0x00000006f4f00000,0x00000006f6980000)
 ParOldGen       total 437248K, used 3265K [0x0000000540c00000, 0x000000055b700000, 0x00000006eaf00000)
  object space 437248K, 0% used [0x0000000540c00000,0x0000000540f305a0,0x000000055b700000)
 Metaspace       used 20844K, capacity 21124K, committed 21296K, reserved 1069056K
  class space    used 2612K, capacity 2674K, committed 2688K, reserved 1048576K
}
Event: 2.462 GC heap before
{Heap before GC invocations=3 (full 1):
 PSYoungGen      total 190976K, used 18748K [0x00000006eaf00000, 0x0000000702400000, 0x00000007c0000000)
  eden space 163840K, 0% used [0x00000006eaf00000,0x00000006eaf00000,0x00000006f4f00000)
  from space 27136K, 69% used [0x00000006f6980000,0x00000006f7bcf0a0,0x00000006f8400000)
  to   space 27136K, 0% used [0x00000006f4f00000,0x00000006f4f00000,0x00000006f6980000)
 ParOldGen       total 437248K, used 3265K [0x0000000540c00000, 0x000000055b700000, 0x00000006eaf00000)
  object space 437248K, 0% used [0x0000000540c00000,0x0000000540f305a0,0x000000055b700000)
 Metaspace       used 20844K, capacity 21124K, committed 21296K, reserved 1069056K
  class space    used 2612K, capacity 2674K, committed 2688K, reserved 1048576K
Event: 2.497 GC heap after
Heap after GC invocations=3 (full 1):
 PSYoungGen      total 190976K, used 0K [0x00000006eaf00000, 0x0000000702400000, 0x00000007c0000000)
  eden space 163840K, 0% used [0x00000006eaf00000,0x00000006eaf00000,0x00000006f4f00000)
  from space 27136K, 0% used [0x00000006f6980000,0x00000006f6980000,0x00000006f8400000)
  to   space 27136K, 0% used [0x00000006f4f00000,0x00000006f4f00000,0x00000006f6980000)
 ParOldGen       total 270336K, used 19035K [0x0000000540c00000, 0x0000000551400000, 0x00000006eaf00000)
  object space 270336K, 7% used [0x0000000540c00000,0x0000000541e96d18,0x0000000551400000)
 Metaspace       used 20844K, capacity 21124K, committed 21296K, reserved 1069056K
  class space    used 2612K, capacity 2674K, committed 2688K, reserved 1048576K
}

Deoptimization events (10 events):
Event: 1.744 Thread 0x0000020b29784800 Uncommon trap: reason=class_check action=maybe_recompile pc=0x0000020b2b82c288 method=org.eclipse.xtext.nodemodel.impl.NodeModelBuilder.addChild(Lorg/eclipse/xtext/nodemodel/ICompositeNode;Lorg/eclipse/xtext/nodemodel/impl/AbstractNode;)V @ 6
Event: 1.749 Thread 0x0000020b29784800 Uncommon trap: reason=class_check action=maybe_recompile pc=0x0000020b2b82ca98 method=org.eclipse.xtext.nodemodel.impl.NodeModelBuilder.addChild(Lorg/eclipse/xtext/nodemodel/ICompositeNode;Lorg/eclipse/xtext/nodemodel/impl/AbstractNode;)V @ 6
Event: 1.881 Thread 0x0000020b29784800 Uncommon trap: reason=unstable_if action=reinterpret pc=0x0000020b2b66201c method=java.lang.ref.ReferenceQueue.poll()Ljava/lang/ref/Reference; @ 4
Event: 1.893 Thread 0x0000020b29784800 Uncommon trap: reason=unstable_if action=reinterpret pc=0x0000020b2b596ef4 method=java.util.concurrent.ConcurrentHashMap.putVal(Ljava/lang/Object;Ljava/lang/Object;Z)Ljava/lang/Object; @ 181
Event: 1.957 Thread 0x0000020b29784800 Uncommon trap: reason=bimorphic action=maybe_recompile pc=0x0000020b2b9ddec8 method=com.google.common.collect.AbstractIterator.tryToComputeNext()Z @ 9
Event: 1.957 Thread 0x0000020b29784800 Uncommon trap: reason=bimorphic action=maybe_recompile pc=0x0000020b2b9ddec8 method=com.google.common.collect.AbstractIterator.tryToComputeNext()Z @ 9
Event: 1.957 Thread 0x0000020b29784800 Uncommon trap: reason=bimorphic action=maybe_recompile pc=0x0000020b2b9ddec8 method=com.google.common.collect.AbstractIterator.tryToComputeNext()Z @ 9
Event: 1.957 Thread 0x0000020b29784800 Uncommon trap: reason=bimorphic action=maybe_recompile pc=0x0000020b2b9ddec8 method=com.google.common.collect.AbstractIterator.tryToComputeNext()Z @ 9
Event: 2.327 Thread 0x0000020b29784800 Uncommon trap: reason=unstable_if action=reinterpret pc=0x0000020b2b2a88e4 method=java.lang.ref.SoftReference.get()Ljava/lang/Object; @ 17
Event: 2.520 Thread 0x0000020b29784800 Uncommon trap: reason=unstable_if action=reinterpret pc=0x0000020b2b400e4c method=java.io.WinNTFileSystem.normalize(Ljava/lang/String;)Ljava/lang/String; @ 49

Classes redefined (0 events):
No events

Internal exceptions (10 events):
Event: 1.764 Thread 0x0000020b29784800 Exception <a 'java/io/FileNotFoundException'> (0x00000006f47d68f0) thrown at [E:\jenkins\tmp\workspace\build\src\hotspot\src\share\vm\prims\jni.cpp, line 711]
Event: 1.770 Thread 0x0000020b29784800 Exception <a 'java/io/FileNotFoundException'> (0x00000006f485b750) thrown at [E:\jenkins\tmp\workspace\build\src\hotspot\src\share\vm\prims\jni.cpp, line 711]
Event: 1.771 Thread 0x0000020b29784800 Exception <a 'java/io/FileNotFoundException'> (0x00000006f4866688) thrown at [E:\jenkins\tmp\workspace\build\src\hotspot\src\share\vm\prims\jni.cpp, line 711]
Event: 1.775 Thread 0x0000020b29784800 Exception <a 'java/io/FileNotFoundException'> (0x00000006f48add38) thrown at [E:\jenkins\tmp\workspace\build\src\hotspot\src\share\vm\prims\jni.cpp, line 711]
Event: 2.621 Thread 0x0000020b29784800 Exception <a 'java/security/PrivilegedActionException'> (0x00000006eb7dd750) thrown at [E:\jenkins\tmp\workspace\build\src\hotspot\src\share\vm\prims\jvm.cpp, line 1524]
Event: 2.621 Thread 0x0000020b29784800 Exception <a 'java/security/PrivilegedActionException'> (0x00000006eb7dec80) thrown at [E:\jenkins\tmp\workspace\build\src\hotspot\src\share\vm\prims\jvm.cpp, line 1524]
Event: 2.621 Thread 0x0000020b29784800 Exception <a 'java/security/PrivilegedActionException'> (0x00000006eb7e00b0) thrown at [E:\jenkins\tmp\workspace\build\src\hotspot\src\share\vm\prims\jvm.cpp, line 1524]
Event: 2.621 Thread 0x0000020b29784800 Exception <a 'java/security/PrivilegedActionException'> (0x00000006eb7e1770) thrown at [E:\jenkins\tmp\workspace\build\src\hotspot\src\share\vm\prims\jvm.cpp, line 1524]
Event: 2.621 Thread 0x0000020b29784800 Exception <a 'java/security/PrivilegedActionException'> (0x00000006eb7e2b68) thrown at [E:\jenkins\tmp\workspace\build\src\hotspot\src\share\vm\prims\jvm.cpp, line 1524]
Event: 2.621 Thread 0x0000020b29784800 Exception <a 'java/security/PrivilegedActionException'> (0x00000006eb7e3f30) thrown at [E:\jenkins\tmp\workspace\build\src\hotspot\src\share\vm\prims\jvm.cpp, line 1524]

Events (10 events):
Event: 2.639 loading class org/lwjgl/openal/ALCdevice
Event: 2.639 loading class org/lwjgl/openal/ALCdevice done
Event: 2.639 loading class org/lwjgl/openal/ALCcontext
Event: 2.639 loading class org/lwjgl/openal/ALCcontext done
Event: 2.640 loading class java/nio/DirectIntBufferU
Event: 2.640 loading class java/nio/DirectIntBufferU done
Event: 2.640 loading class org/lwjgl/openal/Util
Event: 2.640 loading class org/lwjgl/openal/Util done
Event: 2.640 loading class org/lwjgl/openal/OpenALException
Event: 2.640 loading class org/lwjgl/openal/OpenALException done


Dynamic libraries:
0x00007ff70ee50000 - 0x00007ff70ee8a000 	C:\wollok1\jre\bin\javaw.exe
0x00007ffc8e3f0000 - 0x00007ffc8e5e8000 	C:\WINDOWS\SYSTEM32\ntdll.dll
0x00007ffc8d380000 - 0x00007ffc8d43d000 	C:\WINDOWS\System32\KERNEL32.DLL
0x00007ffc8c120000 - 0x00007ffc8c416000 	C:\WINDOWS\System32\KERNELBASE.dll
0x00007ffc8d7f0000 - 0x00007ffc8d8a0000 	C:\WINDOWS\System32\ADVAPI32.dll
0x00007ffc8d2e0000 - 0x00007ffc8d37e000 	C:\WINDOWS\System32\msvcrt.dll
0x00007ffc8da20000 - 0x00007ffc8dac0000 	C:\WINDOWS\System32\sechost.dll
0x00007ffc8d8f0000 - 0x00007ffc8da13000 	C:\WINDOWS\System32\RPCRT4.dll
0x00007ffc8bd00000 - 0x00007ffc8bd27000 	C:\WINDOWS\System32\bcrypt.dll
0x00007ffc8d440000 - 0x00007ffc8d5df000 	C:\WINDOWS\System32\USER32.dll
0x00007ffc8bff0000 - 0x00007ffc8c012000 	C:\WINDOWS\System32\win32u.dll
0x00007ffc8cb40000 - 0x00007ffc8cb6b000 	C:\WINDOWS\System32\GDI32.dll
0x00007ffc8be80000 - 0x00007ffc8bf97000 	C:\WINDOWS\System32\gdi32full.dll
0x00007ffc8bd30000 - 0x00007ffc8bdcd000 	C:\WINDOWS\System32\msvcp_win.dll
0x00007ffc8bc00000 - 0x00007ffc8bd00000 	C:\WINDOWS\System32\ucrtbase.dll
0x00007ffc77650000 - 0x00007ffc778ea000 	C:\WINDOWS\WinSxS\amd64_microsoft.windows.common-controls_6595b64144ccf1df_6.0.19041.3636_none_60b6a03d71f818d5\COMCTL32.dll
0x00007ffc8d8b0000 - 0x00007ffc8d8e2000 	C:\WINDOWS\System32\IMM32.DLL
0x00007ffc5edb0000 - 0x00007ffc5ee9f000 	C:\wollok1\jre\jre\bin\msvcr120.dll
0x00007ffc678a0000 - 0x00007ffc67946000 	C:\wollok1\jre\jre\bin\msvcp120.dll
0x000000006d5c0000 - 0x000000006de31000 	C:\wollok1\jre\jre\bin\server\jvm.dll
0x00007ffc8d8a0000 - 0x00007ffc8d8a8000 	C:\WINDOWS\System32\PSAPI.DLL
0x00007ffc82990000 - 0x00007ffc82999000 	C:\WINDOWS\SYSTEM32\WSOCK32.dll
0x00007ffc7f4b0000 - 0x00007ffc7f4d7000 	C:\WINDOWS\SYSTEM32\WINMM.dll
0x00007ffc85100000 - 0x00007ffc8510a000 	C:\WINDOWS\SYSTEM32\VERSION.dll
0x00007ffc8cad0000 - 0x00007ffc8cb3b000 	C:\WINDOWS\System32\WS2_32.dll
0x00007ffc82700000 - 0x00007ffc8270f000 	C:\wollok1\jre\jre\bin\verify.dll
0x00007ffc756b0000 - 0x00007ffc756d9000 	C:\wollok1\jre\jre\bin\java.dll
0x00007ffc75660000 - 0x00007ffc75676000 	C:\wollok1\jre\jre\bin\zip.dll
0x00007ffc8cb70000 - 0x00007ffc8d2db000 	C:\WINDOWS\System32\SHELL32.dll
0x00007ffc89b50000 - 0x00007ffc8a2ee000 	C:\WINDOWS\SYSTEM32\windows.storage.dll
0x00007ffc8c650000 - 0x00007ffc8c9a3000 	C:\WINDOWS\System32\combase.dll
0x00007ffc8b400000 - 0x00007ffc8b42e000 	C:\WINDOWS\SYSTEM32\Wldp.dll
0x00007ffc8c560000 - 0x00007ffc8c62d000 	C:\WINDOWS\System32\OLEAUT32.dll
0x00007ffc8d600000 - 0x00007ffc8d6ad000 	C:\WINDOWS\System32\SHCORE.dll
0x00007ffc8dac0000 - 0x00007ffc8db15000 	C:\WINDOWS\System32\shlwapi.dll
0x00007ffc8b9d0000 - 0x00007ffc8b9f3000 	C:\WINDOWS\SYSTEM32\profapi.dll
0x0000000065580000 - 0x0000000065616000 	C:\Users\predator\AppData\Local\Temp\libgdxpredator\12dfaa03\gdx64.dll
0x00007ffc8b360000 - 0x00007ffc8b378000 	C:\WINDOWS\SYSTEM32\CRYPTSP.dll
0x00007ffc8aa80000 - 0x00007ffc8aab4000 	C:\WINDOWS\system32\rsaenh.dll
0x00007ffc8b990000 - 0x00007ffc8b9be000 	C:\WINDOWS\SYSTEM32\USERENV.dll
0x00007ffc8c090000 - 0x00007ffc8c112000 	C:\WINDOWS\System32\bcryptprimitives.dll
0x00007ffc8b350000 - 0x00007ffc8b35c000 	C:\WINDOWS\SYSTEM32\CRYPTBASE.dll
0x00007ffc75640000 - 0x00007ffc7565a000 	C:\wollok1\jre\jre\bin\net.dll
0x00007ffc8b160000 - 0x00007ffc8b1ca000 	C:\WINDOWS\system32\mswsock.dll
0x00007ffc8ae40000 - 0x00007ffc8ae7b000 	C:\WINDOWS\SYSTEM32\IPHLPAPI.DLL
0x00007ffc8d5f0000 - 0x00007ffc8d5f8000 	C:\WINDOWS\System32\NSI.dll
0x00007ffc85d90000 - 0x00007ffc85da7000 	C:\WINDOWS\SYSTEM32\dhcpcsvc6.DLL
0x00007ffc85ea0000 - 0x00007ffc85ebd000 	C:\WINDOWS\SYSTEM32\dhcpcsvc.DLL
0x00007ffc8ae80000 - 0x00007ffc8af4b000 	C:\WINDOWS\SYSTEM32\DNSAPI.dll
0x00007ffc6c470000 - 0x00007ffc6c482000 	C:\wollok1\jre\jre\bin\nio.dll
0x0000000180000000 - 0x0000000180053000 	C:\Users\predator\AppData\Local\Temp\libgdxpredator\dc0f0009\lwjgl64.dll
0x00007ffc5ec80000 - 0x00007ffc5eda5000 	C:\WINDOWS\SYSTEM32\OPENGL32.dll
0x00007ffc827d0000 - 0x00007ffc827fc000 	C:\WINDOWS\SYSTEM32\GLU32.dll
0x0000020b590c0000 - 0x0000020b59124000 	C:\Users\predator\AppData\Local\Temp\libgdxpredator\dc0f0009\OpenAL64.dll
0x00007ffc8e220000 - 0x00007ffc8e34b000 	C:\WINDOWS\System32\ole32.dll
0x00007ffc89950000 - 0x00007ffc89962000 	C:\WINDOWS\SYSTEM32\kernel.appcore.dll
0x00007ffc89480000 - 0x00007ffc8951e000 	C:\WINDOWS\system32\uxtheme.dll
0x00007ffc8d740000 - 0x00007ffc8d7e9000 	C:\WINDOWS\System32\clbcatq.dll
0x00007ffc5db30000 - 0x00007ffc5dbcc000 	C:\WINDOWS\SYSTEM32\dsound.dll
0x00007ffc6e450000 - 0x00007ffc6e476000 	C:\WINDOWS\SYSTEM32\winmmbase.dll
0x00007ffc8b900000 - 0x00007ffc8b94b000 	C:\WINDOWS\SYSTEM32\powrprof.dll
0x00007ffc8b8e0000 - 0x00007ffc8b8f2000 	C:\WINDOWS\SYSTEM32\UMPDC.dll
0x00007ffc84d90000 - 0x00007ffc84e15000 	C:\WINDOWS\System32\MMDevApi.dll
0x00007ffc8b760000 - 0x00007ffc8b793000 	C:\WINDOWS\System32\DEVOBJ.dll
0x00007ffc8bfa0000 - 0x00007ffc8bfee000 	C:\WINDOWS\System32\cfgmgr32.dll
0x00007ffc62970000 - 0x00007ffc62af2000 	C:\WINDOWS\SYSTEM32\AUDIOSES.DLL
0x00007ffc7dbd0000 - 0x00007ffc7ddb4000 	C:\WINDOWS\SYSTEM32\dbghelp.dll

VM Arguments:
jvm_args: -Duser.language=es_ES -Dfile.encoding=UTF-8 
java_command: org.uqbar.project.wollok.launch.WollokLauncher -requestsPort 0 -eventsPort 0 -folder -dontValidate -wf src/juego.wpgm
java_class_path (initial): C:\Users\predator\git\2024s1-tp-grupal-juego-grupo-8-1\bin;C:\wollok1\plugins\com.ibm.icu_64.2.0.v20190507-1337.jar;C:\wollok1\plugins\org.eclipse.xtext_2.20.0.v20191202-0915.jar;C:\wollok1\plugins\org.eclipse.emf.ecore.xmi_2.16.0.v20190528-0725.jar;C:\wollok1\plugins\org.eclipse.emf.ecore_2.20.0.v20190920-0401.jar;C:\wollok1\plugins\org.eclipse.emf.common_2.17.0.v20190920-0401.jar;C:\wollok1\plugins\org.antlr.runtime_3.2.0.v201101311130.jar;C:\wollok1\plugins\com.google.inject_3.0.0.v201605172100.jar;C:\wollok1\plugins\org.eclipse.emf.mwe.core_1.5.1.v20191121-1148.jar;C:\wollok1\plugins\org.apache.commons.cli_1.2.0.v201404270220.jar;C:\wollok1\plugins\org.eclipse.emf.mwe2.runtime_2.11.1.v20191121-1148.jar;C:\wollok1\plugins\org.eclipse.emf.mwe.utils_1.5.1.v20191121-1148.jar;C:\wollok1\plugins\org.eclipse.xtext.util_2.20.0.v20191202-0915.jar;C:\wollok1\plugins\com.google.guava_27.1.0.v20190517-1946.jar;C:\wollok1\plugins\javax.inject_1.0.0.v20091030.jar;C:\wollok1\plugins\org.eclipse.xtext.generator_2.20.0.v20191202-0933.jar;C:\wollok1\plugins\org.eclipse.xtext.xtext.generator_2.20.0.v20191202-0915.jar;C:\wollok1\plugins\org.eclipse.xtext.xbase.lib_2.20.0.v20191202-0907.jar;C:\wollok1\plugins\org.eclipse.emf.codegen.ecore_2.20.0.v20191012-0918.jar;C:\wollok1\plugins\org.eclipse.emf.codegen_2.19.0.v20190821-1536.jar;C:\wollok1\plugins\org.eclipse.xtend_2.2.0.v201605260315.jar;C:\wollok1\plugins\org.eclipse.xpand_2.2.0.v201605260315.jar;C:\wollok1\plugins\org.eclipse.xtend.typesystem.emf_2.2.0.v201605260315.jar;C:\wollok1\plugins\org.uqbar.project.wollok_3.0.0.jar;C:\wollok1\plugins\org.eclipse.xtext.xbase_2.20.0.v20191202-0933.jar;C:\wollok1\plugins\org.eclipse.xtext.common.types_2.20.0.v20191202-0933.jar;C:\wollok1\plugins\org.eclipse.xtend.lib_2.20.0.v20191202-0907.jar;C:\wollok1\plugins\org.eclipse.xtend.lib.macro_2.20.0.v20191202-0907.jar;C:\wollok1\plugins\org.apache.commons.collections_3.2.2.v201511171945.jar;C:\wollok1\plugins\org.
Launcher Type: SUN_STANDARD

Environment Variables:
PATH=C:/wollok1/jre/bin/../jre/bin/server;C:/wollok1/jre/bin/../jre/bin;C:/wollok1/jre/bin/../jre/lib/amd64;C:\Program Files\Eclipse Adoptium\jdk-8.0.402.6-hotspot\bin;C:\Windows\system32;C:\Windows;C:\Windows\System32\Wbem;C:\Windows\System32\WindowsPowerShell\v1.0\;C:\Windows\System32\OpenSSH\;C:\Program Files (x86)\NVIDIA Corporation\PhysX\Common;C:\Program Files\NVIDIA Corporation\NVIDIA NvDLISR;C:\WINDOWS\system32;C:\WINDOWS;C:\WINDOWS\System32\Wbem;C:\WINDOWS\System32\WindowsPowerShell\v1.0\;C:\WINDOWS\System32\OpenSSH\;c:\Program Files (x86)\Acustica\Framework\;c:\Program Files\Acustica\Framework\;C:\Users\predator\AppData\Local\Programs\Python\Python311;C:\Program Files\Git\cmd;C:\Users\predator\AppData\Local\Programs\Python\Python311\Scripts\;C:\Users\predator\AppData\Local\Programs\Python\Python311\;C:\Users\predator\AppData\Local\Microsoft\WindowsApps;C:\Users\predator\AppData\Local\Programs\Microsoft VS Code\bin;C:\wollok1;
USERNAME=predator
OS=Windows_NT
PROCESSOR_IDENTIFIER=AMD64 Family 23 Model 8 Stepping 2, AuthenticAMD



---------------  S Y S T E M  ---------------

OS: Windows 10.0 , 64 bit Build 19041 (10.0.19041.3636)

CPU:total 12 (initial active 12) (12 cores per cpu, 1 threads per core) family 23 model 8 stepping 2, cmov, cx8, fxsr, mmx, sse, sse2, sse3, ssse3, sse4.1, sse4.2, popcnt, avx, avx2, aes, clmul, mmxext, 3dnowpref, lzcnt, sse4a, tsc, tscinvbit, tscinv, bmi1

Memory: 4k page, physical 41893080k(32203400k free), swap 48046296k(34898752k free)

vm_info: OpenJDK 64-Bit Server VM (25.322-b06) for windows-amd64 JRE (1.8.0_322-b06), built on Jan 19 2022 07:06:38 by "jenkins" with MS VC++ 12.0 (VS2013)

time: Wed May 15 18:44:09 2024
timezone: Hora estándar de Argentina
elapsed time: 2.679433 seconds (0d 0h 0m 2s)

